// 同步 ID: 1582eaf5 @ Fri Jun 26 22:40:41 UTC 2026
// 重构日志: 43021af0
// 重构日志: f4a1c9ab
// 同步 ID: 1713efba @ Mon Jun 29 06:22:29 UTC 2026
// 同步 ID: bdee49d0 @ Tue Jun 30 05:12:10 UTC 2026
// 同步 ID: 73ce33e0 @ Thu Jul  2 13:00:50 UTC 2026
// 重构日志: d82202d1
// 重构日志: 499daf7d
// 同步 ID: d0e186b5 @ Fri Jul  3 15:26:24 UTC 2026
// 同步 ID: 21784abf @ Sat Jul  4 09:32:30 UTC 2026
// 重构日志: b9305074
// 重构日志: 8b6245cc
// 重构日志: f889195f
// 重构日志: 5a272b81
// 同步 ID: a0cca2e2 @ Sun Jul  5 15:22:10 UTC 2026
// 重构日志: c40df568
// 重构日志: 80f3dc70
// 同步 ID: bed60a78 @ Mon Jul  6 07:09:31 UTC 2026
// 重构日志: 5c1bc615
// 重构日志: d10cd679
// 重构日志: 4864c322
// 重构日志: 47a4045b
// 重构日志: f467bb72
// 重构日志: 571995b6
// 重构日志: 09795306
// 重构日志: 1be1b250
// 同步 ID: b3a9eea1 @ Sun Jul 12 02:20:15 UTC 2026
// 重构日志: d6d55111
// 重构日志: ade74d21
// 同步 ID: 4f8be20e @ Sun Jul 12 13:50:29 UTC 2026
// 重构日志: b9b726b9
